<?xml version="1.0" encoding="UTF-8" ?>
<testsuite failures="0" time="0.549" errors="0" skipped="0" tests="226" name="TestSuite">
  <properties>
    <property name="java.runtime.name" value="Java(TM) SE Runtime Environment"/>
    <property name="sun.boot.library.path" value="/Library/Java/JavaVirtualMachines/jdk1.7.0_21.jdk/Contents/Home/jre/lib"/>
    <property name="java.vm.version" value="23.21-b01"/>
    <property name="user.country.format" value="BY"/>
    <property name="gopherProxySet" value="false"/>
    <property name="java.vm.vendor" value="Oracle Corporation"/>
    <property name="java.vendor.url" value="http://java.oracle.com/"/>
    <property name="path.separator" value=":"/>
    <property name="guice.disable.misplaced.annotation.check" value="true"/>
    <property name="java.vm.name" value="Java HotSpot(TM) 64-Bit Server VM"/>
    <property name="file.encoding.pkg" value="sun.io"/>
    <property name="user.country" value="US"/>
    <property name="sun.java.launcher" value="SUN_STANDARD"/>
    <property name="sun.os.patch.level" value="unknown"/>
    <property name="java.vm.specification.name" value="Java Virtual Machine Specification"/>
    <property name="user.dir" value="/Users/skory/work/svsg/storm-starter"/>
    <property name="java.runtime.version" value="1.7.0_21-b12"/>
    <property name="java.awt.graphicsenv" value="sun.awt.CGraphicsEnvironment"/>
    <property name="java.endorsed.dirs" value="/Library/Java/JavaVirtualMachines/jdk1.7.0_21.jdk/Contents/Home/jre/lib/endorsed"/>
    <property name="os.arch" value="x86_64"/>
    <property name="java.io.tmpdir" value="/var/folders/bm/3vptfnmx3wz082hl_f97md_h0000gn/T/"/>
    <property name="line.separator" value="
"/>
    <property name="java.vm.specification.vendor" value="Oracle Corporation"/>
    <property name="os.name" value="Mac OS X"/>
    <property name="classworlds.conf" value="/usr/local/Cellar/maven/3.1.1/libexec/bin/m2.conf"/>
    <property name="sun.jnu.encoding" value="UTF-8"/>
    <property name="java.library.path" value="/Users/skory/Library/Java/Extensions:/Library/Java/Extensions:/Network/Library/Java/Extensions:/System/Library/Java/Extensions:/usr/lib/java:."/>
    <property name="java.specification.name" value="Java Platform API Specification"/>
    <property name="java.class.version" value="51.0"/>
    <property name="sun.management.compiler" value="HotSpot 64-Bit Tiered Compilers"/>
    <property name="os.version" value="10.9.1"/>
    <property name="http.nonProxyHosts" value="local|*.local|169.254/16|*.169.254/16"/>
    <property name="user.home" value="/Users/skory"/>
    <property name="user.timezone" value="Europe/Minsk"/>
    <property name="java.awt.printerjob" value="sun.lwawt.macosx.CPrinterJob"/>
    <property name="java.specification.version" value="1.7"/>
    <property name="file.encoding" value="UTF-8"/>
    <property name="user.name" value="skory"/>
    <property name="java.class.path" value="/usr/local/Cellar/maven/3.1.1/libexec/boot/plexus-classworlds-2.5.1.jar"/>
    <property name="org.slf4j.simpleLogger.defaultLogLevel" value="info"/>
    <property name="java.vm.specification.version" value="1.7"/>
    <property name="sun.arch.data.model" value="64"/>
    <property name="java.home" value="/Library/Java/JavaVirtualMachines/jdk1.7.0_21.jdk/Contents/Home/jre"/>
    <property name="sun.java.command" value="org.codehaus.plexus.classworlds.launcher.Launcher package"/>
    <property name="java.specification.vendor" value="Oracle Corporation"/>
    <property name="user.language" value="en"/>
    <property name="awt.toolkit" value="sun.lwawt.macosx.LWCToolkit"/>
    <property name="java.vm.info" value="mixed mode"/>
    <property name="java.version" value="1.7.0_21"/>
    <property name="java.ext.dirs" value="/Users/skory/Library/Java/Extensions:/Library/Java/JavaVirtualMachines/jdk1.7.0_21.jdk/Contents/Home/jre/lib/ext:/Library/Java/Extensions:/Network/Library/Java/Extensions:/System/Library/Java/Extensions:/usr/lib/java"/>
    <property name="sun.boot.class.path" value="/Library/Java/JavaVirtualMachines/jdk1.7.0_21.jdk/Contents/Home/jre/lib/resources.jar:/Library/Java/JavaVirtualMachines/jdk1.7.0_21.jdk/Contents/Home/jre/lib/rt.jar:/Library/Java/JavaVirtualMachines/jdk1.7.0_21.jdk/Contents/Home/jre/lib/sunrsasign.jar:/Library/Java/JavaVirtualMachines/jdk1.7.0_21.jdk/Contents/Home/jre/lib/jsse.jar:/Library/Java/JavaVirtualMachines/jdk1.7.0_21.jdk/Contents/Home/jre/lib/jce.jar:/Library/Java/JavaVirtualMachines/jdk1.7.0_21.jdk/Contents/Home/jre/lib/charsets.jar:/Library/Java/JavaVirtualMachines/jdk1.7.0_21.jdk/Contents/Home/jre/lib/jfr.jar:/Library/Java/JavaVirtualMachines/jdk1.7.0_21.jdk/Contents/Home/jre/lib/JObjC.jar:/Library/Java/JavaVirtualMachines/jdk1.7.0_21.jdk/Contents/Home/jre/classes"/>
    <property name="java.vendor" value="Oracle Corporation"/>
    <property name="maven.home" value="/usr/local/Cellar/maven/3.1.1/libexec"/>
    <property name="file.separator" value="/"/>
    <property name="java.vendor.url.bug" value="http://bugreport.sun.com/bugreport/"/>
    <property name="sun.cpu.endian" value="little"/>
    <property name="sun.io.unicode.encoding" value="UnicodeBig"/>
    <property name="socksNonProxyHosts" value="local|*.local|169.254/16|*.169.254/16"/>
    <property name="ftp.nonProxyHosts" value="local|*.local|169.254/16|*.169.254/16"/>
    <property name="sun.cpu.isalist" value=""/>
  </properties>
  <testcase time="0.21" classname="storm.starter.bolt.IntermediateRankingsBoltTest" name="negativeOrZeroEmitFrequencyShouldThrowIAE"/>
  <testcase time="0" classname="storm.starter.bolt.IntermediateRankingsBoltTest" name="negativeOrZeroEmitFrequencyShouldThrowIAE"/>
  <testcase time="0" classname="storm.starter.bolt.IntermediateRankingsBoltTest" name="negativeOrZeroEmitFrequencyShouldThrowIAE"/>
  <testcase time="0" classname="storm.starter.bolt.IntermediateRankingsBoltTest" name="negativeOrZeroEmitFrequencyShouldThrowIAE"/>
  <testcase time="0" classname="storm.starter.bolt.IntermediateRankingsBoltTest" name="negativeOrZeroEmitFrequencyShouldThrowIAE"/>
  <testcase time="0" classname="storm.starter.bolt.IntermediateRankingsBoltTest" name="negativeOrZeroTopNShouldThrowIAE"/>
  <testcase time="0" classname="storm.starter.bolt.IntermediateRankingsBoltTest" name="negativeOrZeroTopNShouldThrowIAE"/>
  <testcase time="0" classname="storm.starter.bolt.IntermediateRankingsBoltTest" name="negativeOrZeroTopNShouldThrowIAE"/>
  <testcase time="0" classname="storm.starter.bolt.IntermediateRankingsBoltTest" name="negativeOrZeroTopNShouldThrowIAE"/>
  <testcase time="0" classname="storm.starter.bolt.IntermediateRankingsBoltTest" name="negativeOrZeroTopNShouldThrowIAE"/>
  <testcase time="0.003" classname="storm.starter.bolt.IntermediateRankingsBoltTest" name="positiveEmitFrequencyShouldBeOk"/>
  <testcase time="0" classname="storm.starter.bolt.IntermediateRankingsBoltTest" name="positiveEmitFrequencyShouldBeOk"/>
  <testcase time="0" classname="storm.starter.bolt.IntermediateRankingsBoltTest" name="positiveEmitFrequencyShouldBeOk"/>
  <testcase time="0" classname="storm.starter.bolt.IntermediateRankingsBoltTest" name="positiveEmitFrequencyShouldBeOk"/>
  <testcase time="0" classname="storm.starter.bolt.IntermediateRankingsBoltTest" name="positiveTopNShouldBeOk"/>
  <testcase time="0" classname="storm.starter.bolt.IntermediateRankingsBoltTest" name="positiveTopNShouldBeOk"/>
  <testcase time="0" classname="storm.starter.bolt.IntermediateRankingsBoltTest" name="positiveTopNShouldBeOk"/>
  <testcase time="0" classname="storm.starter.bolt.IntermediateRankingsBoltTest" name="positiveTopNShouldBeOk"/>
  <testcase time="0.13" classname="storm.starter.bolt.IntermediateRankingsBoltTest" name="shouldDeclareOutputFields"/>
  <testcase time="0.032" classname="storm.starter.bolt.IntermediateRankingsBoltTest" name="shouldEmitNothingIfNormalTupleIsReceived"/>
  <testcase time="0.006" classname="storm.starter.bolt.IntermediateRankingsBoltTest" name="shouldEmitSomethingIfTickTupleIsReceived"/>
  <testcase time="0.012" classname="storm.starter.bolt.IntermediateRankingsBoltTest" name="shouldSetTickTupleFrequencyInComponentConfigurationToNonZeroValue"/>
  <testcase time="0.001" classname="storm.starter.tools.NthLastModifiedTimeTrackerTest" name="negativeOrZeroNumTimesToTrackShouldThrowIAE"/>
  <testcase time="0" classname="storm.starter.tools.NthLastModifiedTimeTrackerTest" name="negativeOrZeroNumTimesToTrackShouldThrowIAE"/>
  <testcase time="0" classname="storm.starter.tools.NthLastModifiedTimeTrackerTest" name="negativeOrZeroNumTimesToTrackShouldThrowIAE"/>
  <testcase time="0" classname="storm.starter.tools.NthLastModifiedTimeTrackerTest" name="negativeOrZeroNumTimesToTrackShouldThrowIAE"/>
  <testcase time="0" classname="storm.starter.tools.NthLastModifiedTimeTrackerTest" name="negativeOrZeroNumTimesToTrackShouldThrowIAE"/>
  <testcase time="0.004" classname="storm.starter.tools.NthLastModifiedTimeTrackerTest" name="positiveNumTimesToTrackShouldBeOk"/>
  <testcase time="0" classname="storm.starter.tools.NthLastModifiedTimeTrackerTest" name="positiveNumTimesToTrackShouldBeOk"/>
  <testcase time="0" classname="storm.starter.tools.NthLastModifiedTimeTrackerTest" name="positiveNumTimesToTrackShouldBeOk"/>
  <testcase time="0" classname="storm.starter.tools.NthLastModifiedTimeTrackerTest" name="positiveNumTimesToTrackShouldBeOk"/>
  <testcase time="0" classname="storm.starter.tools.NthLastModifiedTimeTrackerTest" name="shouldReturnCorrectModifiedTimeEvenWhenNotYetMarkedAsModified"/>
  <testcase time="0.001" classname="storm.starter.tools.NthLastModifiedTimeTrackerTest" name="shouldReturnCorrectModifiedTimeEvenWhenNotYetMarkedAsModified"/>
  <testcase time="0" classname="storm.starter.tools.NthLastModifiedTimeTrackerTest" name="shouldReturnCorrectModifiedTimeEvenWhenNotYetMarkedAsModified"/>
  <testcase time="0" classname="storm.starter.tools.NthLastModifiedTimeTrackerTest" name="shouldReturnCorrectModifiedTimeEvenWhenNotYetMarkedAsModified"/>
  <testcase time="0" classname="storm.starter.tools.NthLastModifiedTimeTrackerTest" name="shouldReturnCorrectModifiedTimeEvenWhenNotYetMarkedAsModified"/>
  <testcase time="0" classname="storm.starter.tools.NthLastModifiedTimeTrackerTest" name="shouldReturnCorrectModifiedTimeEvenWhenNotYetMarkedAsModified"/>
  <testcase time="0.001" classname="storm.starter.tools.NthLastModifiedTimeTrackerTest" name="shouldReturnCorrectModifiedTimeEvenWhenNotYetMarkedAsModified"/>
  <testcase time="0" classname="storm.starter.tools.NthLastModifiedTimeTrackerTest" name="shouldReturnCorrectModifiedTimeEvenWhenNotYetMarkedAsModified"/>
  <testcase time="0.003" classname="storm.starter.tools.NthLastModifiedTimeTrackerTest" name="shouldReturnCorrectModifiedTimeWhenMarkedAsModified"/>
  <testcase time="0" classname="storm.starter.tools.NthLastModifiedTimeTrackerTest" name="shouldReturnCorrectModifiedTimeWhenMarkedAsModified"/>
  <testcase time="0" classname="storm.starter.tools.NthLastModifiedTimeTrackerTest" name="shouldReturnCorrectModifiedTimeWhenMarkedAsModified"/>
  <testcase time="0" classname="storm.starter.tools.NthLastModifiedTimeTrackerTest" name="shouldReturnCorrectModifiedTimeWhenMarkedAsModified"/>
  <testcase time="0" classname="storm.starter.tools.NthLastModifiedTimeTrackerTest" name="shouldReturnCorrectModifiedTimeWhenMarkedAsModified"/>
  <testcase time="0" classname="storm.starter.tools.NthLastModifiedTimeTrackerTest" name="shouldReturnCorrectModifiedTimeWhenMarkedAsModified"/>
  <testcase time="0.001" classname="storm.starter.tools.NthLastModifiedTimeTrackerTest" name="shouldReturnCorrectModifiedTimeWhenMarkedAsModified"/>
  <testcase time="0" classname="storm.starter.tools.NthLastModifiedTimeTrackerTest" name="shouldReturnCorrectModifiedTimeWhenMarkedAsModified"/>
  <testcase time="0" classname="storm.starter.tools.NthLastModifiedTimeTrackerTest" name="shouldReturnCorrectModifiedTimeWhenMarkedAsModified"/>
  <testcase time="0" classname="storm.starter.tools.NthLastModifiedTimeTrackerTest" name="shouldReturnCorrectModifiedTimeWhenMarkedAsModified"/>
  <testcase time="0" classname="storm.starter.tools.NthLastModifiedTimeTrackerTest" name="shouldReturnCorrectModifiedTimeWhenMarkedAsModified"/>
  <testcase time="0" classname="storm.starter.tools.NthLastModifiedTimeTrackerTest" name="shouldReturnCorrectModifiedTimeWhenMarkedAsModified"/>
  <testcase time="0" classname="storm.starter.tools.NthLastModifiedTimeTrackerTest" name="shouldReturnCorrectModifiedTimeWhenMarkedAsModified"/>
  <testcase time="0" classname="storm.starter.tools.NthLastModifiedTimeTrackerTest" name="shouldReturnCorrectModifiedTimeWhenMarkedAsModified"/>
  <testcase time="0" classname="storm.starter.tools.NthLastModifiedTimeTrackerTest" name="shouldReturnCorrectModifiedTimeWhenMarkedAsModified"/>
  <testcase time="0.001" classname="storm.starter.tools.NthLastModifiedTimeTrackerTest" name="shouldReturnCorrectModifiedTimeWhenMarkedAsModified"/>
  <testcase time="0.001" classname="storm.starter.tools.NthLastModifiedTimeTrackerTest" name="shouldReturnCorrectModifiedTimeWhenMarkedAsModified"/>
  <testcase time="0" classname="storm.starter.tools.NthLastModifiedTimeTrackerTest" name="shouldReturnCorrectModifiedTimeWhenMarkedAsModified"/>
  <testcase time="0" classname="storm.starter.tools.NthLastModifiedTimeTrackerTest" name="shouldReturnCorrectModifiedTimeWhenMarkedAsModified"/>
  <testcase time="0" classname="storm.starter.tools.NthLastModifiedTimeTrackerTest" name="shouldReturnCorrectModifiedTimeWhenMarkedAsModified"/>
  <testcase time="0" classname="storm.starter.tools.NthLastModifiedTimeTrackerTest" name="shouldReturnCorrectModifiedTimeWhenMarkedAsModified"/>
  <testcase time="0" classname="storm.starter.tools.NthLastModifiedTimeTrackerTest" name="shouldReturnCorrectModifiedTimeWhenMarkedAsModified"/>
  <testcase time="0" classname="storm.starter.tools.RankableObjectWithFieldsTest" name="constructorWithNegativeCountAndFieldsShouldThrowIAE"/>
  <testcase time="0" classname="storm.starter.tools.RankableObjectWithFieldsTest" name="constructorWithNegativeCountAndNoFieldsShouldThrowIAE"/>
  <testcase time="0" classname="storm.starter.tools.RankableObjectWithFieldsTest" name="constructorWithNullObjectAndFieldsShouldThrowIAE"/>
  <testcase time="0" classname="storm.starter.tools.RankableObjectWithFieldsTest" name="constructorWithNullObjectAndNoFieldsShouldThrowIAE"/>
  <testcase time="0.001" classname="storm.starter.tools.RankableObjectWithFieldsTest" name="copyShouldReturnCopy"/>
  <testcase time="0.001" classname="storm.starter.tools.RankableObjectWithFieldsTest" name="copyShouldReturnCopy"/>
  <testcase time="0" classname="storm.starter.tools.RankableObjectWithFieldsTest" name="copyShouldReturnCopy"/>
  <testcase time="0" classname="storm.starter.tools.RankableObjectWithFieldsTest" name="fieldsShouldBeImmutable"/>
  <testcase time="0.001" classname="storm.starter.tools.RankableObjectWithFieldsTest" name="shouldBeEqualToItself"/>
  <testcase time="0.003" classname="storm.starter.tools.RankableObjectWithFieldsTest" name="shouldBeEqualToTrueDuplicates"/>
  <testcase time="0" classname="storm.starter.tools.RankableObjectWithFieldsTest" name="shouldBeEqualToTrueDuplicates"/>
  <testcase time="0.001" classname="storm.starter.tools.RankableObjectWithFieldsTest" name="shouldBeEqualToTrueDuplicates"/>
  <testcase time="0.005" classname="storm.starter.tools.RankableObjectWithFieldsTest" name="shouldCreateRankableObjectFromTuple"/>
  <testcase time="0" classname="storm.starter.tools.RankableObjectWithFieldsTest" name="shouldHaveDifferentHashCodeThanFalseDuplicates"/>
  <testcase time="0.001" classname="storm.starter.tools.RankableObjectWithFieldsTest" name="shouldHaveDifferentHashCodeThanFalseDuplicates"/>
  <testcase time="0" classname="storm.starter.tools.RankableObjectWithFieldsTest" name="shouldHaveDifferentHashCodeThanFalseDuplicates"/>
  <testcase time="0" classname="storm.starter.tools.RankableObjectWithFieldsTest" name="shouldHaveDifferentHashCodeThanFalseDuplicates"/>
  <testcase time="0" classname="storm.starter.tools.RankableObjectWithFieldsTest" name="shouldHaveDifferentHashCodeThanFalseDuplicates"/>
  <testcase time="0" classname="storm.starter.tools.RankableObjectWithFieldsTest" name="shouldHaveDifferentHashCodeThanFalseDuplicates"/>
  <testcase time="0" classname="storm.starter.tools.RankableObjectWithFieldsTest" name="shouldHaveSameHashCodeAsTrueDuplicates"/>
  <testcase time="0" classname="storm.starter.tools.RankableObjectWithFieldsTest" name="shouldHaveSameHashCodeAsTrueDuplicates"/>
  <testcase time="0" classname="storm.starter.tools.RankableObjectWithFieldsTest" name="shouldHaveSameHashCodeAsTrueDuplicates"/>
  <testcase time="0.001" classname="storm.starter.tools.RankableObjectWithFieldsTest" name="shouldNotBeEqualToFalseDuplicates"/>
  <testcase time="0" classname="storm.starter.tools.RankableObjectWithFieldsTest" name="shouldNotBeEqualToFalseDuplicates"/>
  <testcase time="0" classname="storm.starter.tools.RankableObjectWithFieldsTest" name="shouldNotBeEqualToFalseDuplicates"/>
  <testcase time="0" classname="storm.starter.tools.RankableObjectWithFieldsTest" name="shouldNotBeEqualToFalseDuplicates"/>
  <testcase time="0" classname="storm.starter.tools.RankableObjectWithFieldsTest" name="shouldNotBeEqualToFalseDuplicates"/>
  <testcase time="0" classname="storm.starter.tools.RankableObjectWithFieldsTest" name="shouldNotBeEqualToFalseDuplicates"/>
  <testcase time="0" classname="storm.starter.tools.RankableObjectWithFieldsTest" name="shouldNotBeEqualToInstancesOfOtherClasses"/>
  <testcase time="0.001" classname="storm.starter.tools.RankableObjectWithFieldsTest" name="shouldNotBeEqualToInstancesOfOtherClasses"/>
  <testcase time="0" classname="storm.starter.tools.RankableObjectWithFieldsTest" name="shouldNotBeEqualToInstancesOfOtherClasses"/>
  <testcase time="0" classname="storm.starter.tools.RankableObjectWithFieldsTest" name="shouldNotBeEqualToInstancesOfOtherClasses"/>
  <testcase time="0" classname="storm.starter.tools.RankableObjectWithFieldsTest" name="shouldReturnTheCount"/>
  <testcase time="0" classname="storm.starter.tools.RankableObjectWithFieldsTest" name="shouldReturnTheFields"/>
  <testcase time="0" classname="storm.starter.tools.RankableObjectWithFieldsTest" name="shouldReturnTheFields"/>
  <testcase time="0" classname="storm.starter.tools.RankableObjectWithFieldsTest" name="shouldReturnTheObject"/>
  <testcase time="0.001" classname="storm.starter.tools.RankableObjectWithFieldsTest" name="toStringShouldContainStringRepresentationsOfObjectAndCount"/>
  <testcase time="0" classname="storm.starter.tools.RankableObjectWithFieldsTest" name="toStringShouldContainStringRepresentationsOfObjectAndCount"/>
  <testcase time="0" classname="storm.starter.tools.RankableObjectWithFieldsTest" name="verifyCompareTo"/>
  <testcase time="0" classname="storm.starter.tools.RankableObjectWithFieldsTest" name="verifyCompareTo"/>
  <testcase time="0" classname="storm.starter.tools.RankableObjectWithFieldsTest" name="verifyCompareTo"/>
  <testcase time="0" classname="storm.starter.tools.RankableObjectWithFieldsTest" name="verifyCompareTo"/>
  <testcase time="0" classname="storm.starter.tools.RankableObjectWithFieldsTest" name="verifyCompareTo"/>
  <testcase time="0" classname="storm.starter.tools.RankableObjectWithFieldsTest" name="verifyCompareTo"/>
  <testcase time="0" classname="storm.starter.tools.RankableObjectWithFieldsTest" name="verifyCompareTo"/>
  <testcase time="0" classname="storm.starter.tools.RankableObjectWithFieldsTest" name="verifyCompareTo"/>
  <testcase time="0" classname="storm.starter.tools.RankableObjectWithFieldsTest" name="verifyCompareTo"/>
  <testcase time="0" classname="storm.starter.tools.RankableObjectWithFieldsTest" name="verifyCompareTo"/>
  <testcase time="0" classname="storm.starter.tools.RankingsTest" name="constructorWithNegativeOrZeroTopNShouldThrowIAE"/>
  <testcase time="0" classname="storm.starter.tools.RankingsTest" name="constructorWithNegativeOrZeroTopNShouldThrowIAE"/>
  <testcase time="0" classname="storm.starter.tools.RankingsTest" name="constructorWithNegativeOrZeroTopNShouldThrowIAE"/>
  <testcase time="0.001" classname="storm.starter.tools.RankingsTest" name="constructorWithNegativeOrZeroTopNShouldThrowIAE"/>
  <testcase time="0" classname="storm.starter.tools.RankingsTest" name="constructorWithPositiveTopNShouldBeOk"/>
  <testcase time="0" classname="storm.starter.tools.RankingsTest" name="constructorWithPositiveTopNShouldBeOk"/>
  <testcase time="0" classname="storm.starter.tools.RankingsTest" name="constructorWithPositiveTopNShouldBeOk"/>
  <testcase time="0" classname="storm.starter.tools.RankingsTest" name="constructorWithPositiveTopNShouldBeOk"/>
  <testcase time="0.001" classname="storm.starter.tools.RankingsTest" name="copyConstructorShouldReturnCopy"/>
  <testcase time="0" classname="storm.starter.tools.RankingsTest" name="copyConstructorShouldReturnCopy"/>
  <testcase time="0" classname="storm.starter.tools.RankingsTest" name="copyConstructorShouldReturnCopy"/>
  <testcase time="0.001" classname="storm.starter.tools.RankingsTest" name="copyConstructorShouldReturnCopy"/>
  <testcase time="0" classname="storm.starter.tools.RankingsTest" name="copyConstructorShouldReturnCopy"/>
  <testcase time="0" classname="storm.starter.tools.RankingsTest" name="copyConstructorShouldReturnDefensiveCopy"/>
  <testcase time="0" classname="storm.starter.tools.RankingsTest" name="copyConstructorShouldReturnDefensiveCopy"/>
  <testcase time="0" classname="storm.starter.tools.RankingsTest" name="copyConstructorShouldReturnDefensiveCopy"/>
  <testcase time="0" classname="storm.starter.tools.RankingsTest" name="copyConstructorShouldReturnDefensiveCopy"/>
  <testcase time="0" classname="storm.starter.tools.RankingsTest" name="copyConstructorShouldReturnDefensiveCopy"/>
  <testcase time="0" classname="storm.starter.tools.RankingsTest" name="copyConstructorShouldReturnDefensiveCopy"/>
  <testcase time="0.001" classname="storm.starter.tools.RankingsTest" name="copyShouldReturnCopy"/>
  <testcase time="0" classname="storm.starter.tools.RankingsTest" name="copyShouldReturnCopy"/>
  <testcase time="0" classname="storm.starter.tools.RankingsTest" name="copyShouldReturnCopy"/>
  <testcase time="0" classname="storm.starter.tools.RankingsTest" name="copyShouldReturnCopy"/>
  <testcase time="0" classname="storm.starter.tools.RankingsTest" name="copyShouldReturnCopy"/>
  <testcase time="0" classname="storm.starter.tools.RankingsTest" name="copyShouldReturnDefensiveCopy"/>
  <testcase time="0" classname="storm.starter.tools.RankingsTest" name="copyShouldReturnDefensiveCopy"/>
  <testcase time="0.001" classname="storm.starter.tools.RankingsTest" name="copyShouldReturnDefensiveCopy"/>
  <testcase time="0" classname="storm.starter.tools.RankingsTest" name="copyShouldReturnDefensiveCopy"/>
  <testcase time="0" classname="storm.starter.tools.RankingsTest" name="copyShouldReturnDefensiveCopy"/>
  <testcase time="0" classname="storm.starter.tools.RankingsTest" name="copyShouldReturnDefensiveCopy"/>
  <testcase time="0" classname="storm.starter.tools.RankingsTest" name="defaultConstructorShouldSetPositiveTopN"/>
  <testcase time="0" classname="storm.starter.tools.RankingsTest" name="shouldCorrectlyRankWhenEmptyAndUpdatedWithOtherRankings"/>
  <testcase time="0.001" classname="storm.starter.tools.RankingsTest" name="shouldCorrectlyRankWhenEmptyAndUpdatedWithOtherRankings"/>
  <testcase time="0" classname="storm.starter.tools.RankingsTest" name="shouldCorrectlyRankWhenEmptyAndUpdatedWithOtherRankings"/>
  <testcase time="0" classname="storm.starter.tools.RankingsTest" name="shouldCorrectlyRankWhenEmptyAndUpdatedWithOtherRankings"/>
  <testcase time="0" classname="storm.starter.tools.RankingsTest" name="shouldCorrectlyRankWhenNotEmptyAndUpdatedWithOtherRankings"/>
  <testcase time="0" classname="storm.starter.tools.RankingsTest" name="shouldCorrectlyRankWhenNotEmptyAndUpdatedWithOtherRankings"/>
  <testcase time="0" classname="storm.starter.tools.RankingsTest" name="shouldCorrectlyRankWhenNotEmptyAndUpdatedWithOtherRankings"/>
  <testcase time="0.001" classname="storm.starter.tools.RankingsTest" name="shouldCorrectlyRankWhenNotEmptyAndUpdatedWithOtherRankings"/>
  <testcase time="0" classname="storm.starter.tools.RankingsTest" name="shouldCorrectlyRankWhenUpdatedWithEmptyOtherRankings"/>
  <testcase time="0" classname="storm.starter.tools.RankingsTest" name="shouldCorrectlyRankWhenUpdatedWithEmptyOtherRankings"/>
  <testcase time="0" classname="storm.starter.tools.RankingsTest" name="shouldCorrectlyRankWhenUpdatedWithEmptyOtherRankings"/>
  <testcase time="0" classname="storm.starter.tools.RankingsTest" name="shouldCorrectlyRankWhenUpdatedWithEmptyOtherRankings"/>
  <testcase time="0" classname="storm.starter.tools.RankingsTest" name="shouldCorrectlyRankWhenUpdatedWithRankables"/>
  <testcase time="0" classname="storm.starter.tools.RankingsTest" name="shouldCorrectlyRankWhenUpdatedWithRankables"/>
  <testcase time="0.001" classname="storm.starter.tools.RankingsTest" name="shouldCorrectlyRankWhenUpdatedWithRankables"/>
  <testcase time="0" classname="storm.starter.tools.RankingsTest" name="shouldCorrectlyRankWhenUpdatedWithRankables"/>
  <testcase time="0" classname="storm.starter.tools.RankingsTest" name="shouldHaveDefaultConstructor"/>
  <testcase time="0" classname="storm.starter.tools.RankingsTest" name="shouldNotRankDuplicateObjectsMoreThanOnce"/>
  <testcase time="0" classname="storm.starter.tools.RankingsTest" name="shouldNotRankDuplicateObjectsMoreThanOnce"/>
  <testcase time="0" classname="storm.starter.tools.RankingsTest" name="shouldRemoveZeroCounts"/>
  <testcase time="0" classname="storm.starter.tools.RankingsTest" name="shouldRemoveZeroCounts"/>
  <testcase time="0" classname="storm.starter.tools.RankingsTest" name="shouldRemoveZeroCounts"/>
  <testcase time="0.001" classname="storm.starter.tools.RankingsTest" name="shouldRemoveZeroCounts"/>
  <testcase time="0" classname="storm.starter.tools.RankingsTest" name="shouldRemoveZeroCounts"/>
  <testcase time="0.002" classname="storm.starter.tools.RankingsTest" name="shouldRemoveZeroCounts"/>
  <testcase time="0" classname="storm.starter.tools.RankingsTest" name="shouldRemoveZeroCounts"/>
  <testcase time="0.002" classname="storm.starter.tools.RankingsTest" name="sizeOfRankingsShouldNotGrowBeyondTopN"/>
  <testcase time="0" classname="storm.starter.tools.RankingsTest" name="sizeOfRankingsShouldNotGrowBeyondTopN"/>
  <testcase time="0.046" classname="storm.starter.tools.RankingsTest" name="updatingWithNewRankablesShouldBeThreadSafe"/>
  <testcase time="0.003" classname="storm.starter.bolt.RollingCountBoltTest" name="shouldDeclareOutputFields"/>
  <testcase time="0.045" classname="storm.starter.bolt.RollingCountBoltTest" name="shouldEmitNothingIfNoObjectHasBeenCountedYetAndTickTupleIsReceived"/>
  <testcase time="0.002" classname="storm.starter.bolt.RollingCountBoltTest" name="shouldEmitSomethingIfAtLeastOneObjectWasCountedAndTickTupleIsReceived"/>
  <testcase time="0.001" classname="storm.starter.bolt.RollingCountBoltTest" name="shouldSetTickTupleFrequencyInComponentConfigurationToNonZeroValue"/>
  <testcase time="0" classname="storm.starter.tools.SlidingWindowCounterTest" name="lessThanTwoSlotsShouldThrowIAE"/>
  <testcase time="0.001" classname="storm.starter.tools.SlidingWindowCounterTest" name="lessThanTwoSlotsShouldThrowIAE"/>
  <testcase time="0" classname="storm.starter.tools.SlidingWindowCounterTest" name="lessThanTwoSlotsShouldThrowIAE"/>
  <testcase time="0" classname="storm.starter.tools.SlidingWindowCounterTest" name="lessThanTwoSlotsShouldThrowIAE"/>
  <testcase time="0" classname="storm.starter.tools.SlidingWindowCounterTest" name="lessThanTwoSlotsShouldThrowIAE"/>
  <testcase time="0" classname="storm.starter.tools.SlidingWindowCounterTest" name="lessThanTwoSlotsShouldThrowIAE"/>
  <testcase time="0.001" classname="storm.starter.tools.SlidingWindowCounterTest" name="newInstanceShouldHaveEmptyCounts"/>
  <testcase time="0" classname="storm.starter.tools.SlidingWindowCounterTest" name="testCounterWithSimulatedRuns"/>
  <testcase time="0" classname="storm.starter.tools.SlidingWindowCounterTest" name="testCounterWithSimulatedRuns"/>
  <testcase time="0" classname="storm.starter.tools.SlidingWindowCounterTest" name="testCounterWithSimulatedRuns"/>
  <testcase time="0" classname="storm.starter.tools.SlidingWindowCounterTest" name="testCounterWithSimulatedRuns"/>
  <testcase time="0.002" classname="storm.starter.tools.SlidingWindowCounterTest" name="testCounterWithSimulatedRuns"/>
  <testcase time="0" classname="storm.starter.tools.SlidingWindowCounterTest" name="twoOrMoreSlotsShouldBeValid"/>
  <testcase time="0" classname="storm.starter.tools.SlidingWindowCounterTest" name="twoOrMoreSlotsShouldBeValid"/>
  <testcase time="0" classname="storm.starter.tools.SlidingWindowCounterTest" name="twoOrMoreSlotsShouldBeValid"/>
  <testcase time="0" classname="storm.starter.tools.SlotBasedCounterTest" name="negativeOrZeroNumSlotsShouldThrowIAE"/>
  <testcase time="0" classname="storm.starter.tools.SlotBasedCounterTest" name="negativeOrZeroNumSlotsShouldThrowIAE"/>
  <testcase time="0" classname="storm.starter.tools.SlotBasedCounterTest" name="negativeOrZeroNumSlotsShouldThrowIAE"/>
  <testcase time="0" classname="storm.starter.tools.SlotBasedCounterTest" name="negativeOrZeroNumSlotsShouldThrowIAE"/>
  <testcase time="0.001" classname="storm.starter.tools.SlotBasedCounterTest" name="negativeOrZeroNumSlotsShouldThrowIAE"/>
  <testcase time="0" classname="storm.starter.tools.SlotBasedCounterTest" name="newInstanceShouldHaveEmptyCounts"/>
  <testcase time="0" classname="storm.starter.tools.SlotBasedCounterTest" name="positiveNumSlotsShouldBeOk"/>
  <testcase time="0" classname="storm.starter.tools.SlotBasedCounterTest" name="positiveNumSlotsShouldBeOk"/>
  <testcase time="0" classname="storm.starter.tools.SlotBasedCounterTest" name="positiveNumSlotsShouldBeOk"/>
  <testcase time="0" classname="storm.starter.tools.SlotBasedCounterTest" name="positiveNumSlotsShouldBeOk"/>
  <testcase time="0" classname="storm.starter.tools.SlotBasedCounterTest" name="shouldIncrementCount"/>
  <testcase time="0" classname="storm.starter.tools.SlotBasedCounterTest" name="shouldIncrementCountOnlyOneSlotAtATime"/>
  <testcase time="0.001" classname="storm.starter.tools.SlotBasedCounterTest" name="shouldReturnNonEmptyCountsWhenAtLeastOneObjectWasCounted"/>
  <testcase time="0" classname="storm.starter.tools.SlotBasedCounterTest" name="shouldReturnZeroForNonexistentObject"/>
  <testcase time="0" classname="storm.starter.tools.SlotBasedCounterTest" name="wipeSlotShouldSetAllCountsInSlotToZero"/>
  <testcase time="0" classname="storm.starter.tools.SlotBasedCounterTest" name="wipeZerosShouldRemoveAnyObjectsWithZeroTotalCount"/>
  <testcase time="0.001" classname="storm.starter.bolt.TotalRankingsBoltTest" name="negativeOrZeroEmitFrequencyShouldThrowIAE"/>
  <testcase time="0" classname="storm.starter.bolt.TotalRankingsBoltTest" name="negativeOrZeroEmitFrequencyShouldThrowIAE"/>
  <testcase time="0" classname="storm.starter.bolt.TotalRankingsBoltTest" name="negativeOrZeroEmitFrequencyShouldThrowIAE"/>
  <testcase time="0" classname="storm.starter.bolt.TotalRankingsBoltTest" name="negativeOrZeroEmitFrequencyShouldThrowIAE"/>
  <testcase time="0" classname="storm.starter.bolt.TotalRankingsBoltTest" name="negativeOrZeroEmitFrequencyShouldThrowIAE"/>
  <testcase time="0.001" classname="storm.starter.bolt.TotalRankingsBoltTest" name="negativeOrZeroTopNShouldThrowIAE"/>
  <testcase time="0" classname="storm.starter.bolt.TotalRankingsBoltTest" name="negativeOrZeroTopNShouldThrowIAE"/>
  <testcase time="0" classname="storm.starter.bolt.TotalRankingsBoltTest" name="negativeOrZeroTopNShouldThrowIAE"/>
  <testcase time="0" classname="storm.starter.bolt.TotalRankingsBoltTest" name="negativeOrZeroTopNShouldThrowIAE"/>
  <testcase time="0" classname="storm.starter.bolt.TotalRankingsBoltTest" name="negativeOrZeroTopNShouldThrowIAE"/>
  <testcase time="0" classname="storm.starter.bolt.TotalRankingsBoltTest" name="positiveEmitFrequencyShouldBeOk"/>
  <testcase time="0" classname="storm.starter.bolt.TotalRankingsBoltTest" name="positiveEmitFrequencyShouldBeOk"/>
  <testcase time="0" classname="storm.starter.bolt.TotalRankingsBoltTest" name="positiveEmitFrequencyShouldBeOk"/>
  <testcase time="0" classname="storm.starter.bolt.TotalRankingsBoltTest" name="positiveEmitFrequencyShouldBeOk"/>
  <testcase time="0" classname="storm.starter.bolt.TotalRankingsBoltTest" name="positiveTopNShouldBeOk"/>
  <testcase time="0" classname="storm.starter.bolt.TotalRankingsBoltTest" name="positiveTopNShouldBeOk"/>
  <testcase time="0" classname="storm.starter.bolt.TotalRankingsBoltTest" name="positiveTopNShouldBeOk"/>
  <testcase time="0" classname="storm.starter.bolt.TotalRankingsBoltTest" name="positiveTopNShouldBeOk"/>
  <testcase time="0.001" classname="storm.starter.bolt.TotalRankingsBoltTest" name="shouldDeclareOutputFields"/>
  <testcase time="0.007" classname="storm.starter.bolt.TotalRankingsBoltTest" name="shouldEmitNothingIfNormalTupleIsReceived"/>
  <testcase time="0.001" classname="storm.starter.bolt.TotalRankingsBoltTest" name="shouldEmitSomethingIfTickTupleIsReceived"/>
  <testcase time="0" classname="storm.starter.bolt.TotalRankingsBoltTest" name="shouldSetTickTupleFrequencyInComponentConfigurationToNonZeroValue"/>
</testsuite>