<?xml version="1.0" encoding="UTF-8"?>
<!-- Generated by org.testng.reporters.JUnitReportReporter -->
<testsuite hostname="boriss-mbp.local.tld" name="storm.starter.bolt.IntermediateRankingsBoltTest" tests="22" failures="0" timestamp="16 Jan 2014 13:19:26 GMT" time="0.394" errors="0">
  <testcase name="positiveTopNShouldBeOk" time="0.000" classname="storm.starter.bolt.IntermediateRankingsBoltTest"/>
  <testcase name="positiveTopNShouldBeOk" time="0.000" classname="storm.starter.bolt.IntermediateRankingsBoltTest"/>
  <testcase name="negativeOrZeroTopNShouldThrowIAE" time="0.000" classname="storm.starter.bolt.IntermediateRankingsBoltTest"/>
  <testcase name="shouldSetTickTupleFrequencyInComponentConfigurationToNonZeroValue" time="0.012" classname="storm.starter.bolt.IntermediateRankingsBoltTest"/>
  <testcase name="negativeOrZeroEmitFrequencyShouldThrowIAE" time="0.210" classname="storm.starter.bolt.IntermediateRankingsBoltTest"/>
  <testcase name="negativeOrZeroTopNShouldThrowIAE" time="0.000" classname="storm.starter.bolt.IntermediateRankingsBoltTest"/>
  <testcase name="positiveTopNShouldBeOk" time="0.000" classname="storm.starter.bolt.IntermediateRankingsBoltTest"/>
  <testcase name="shouldEmitSomethingIfTickTupleIsReceived" time="0.006" classname="storm.starter.bolt.IntermediateRankingsBoltTest"/>
  <testcase name="positiveEmitFrequencyShouldBeOk" time="0.003" classname="storm.starter.bolt.IntermediateRankingsBoltTest"/>
  <testcase name="negativeOrZeroEmitFrequencyShouldThrowIAE" time="0.000" classname="storm.starter.bolt.IntermediateRankingsBoltTest"/>
  <testcase name="shouldEmitNothingIfNormalTupleIsReceived" time="0.032" classname="storm.starter.bolt.IntermediateRankingsBoltTest"/>
  <testcase name="positiveEmitFrequencyShouldBeOk" time="0.000" classname="storm.starter.bolt.IntermediateRankingsBoltTest"/>
  <testcase name="positiveEmitFrequencyShouldBeOk" time="0.000" classname="storm.starter.bolt.IntermediateRankingsBoltTest"/>
  <testcase name="positiveTopNShouldBeOk" time="0.001" classname="storm.starter.bolt.IntermediateRankingsBoltTest"/>
  <testcase name="negativeOrZeroEmitFrequencyShouldThrowIAE" time="0.001" classname="storm.starter.bolt.IntermediateRankingsBoltTest"/>
  <testcase name="negativeOrZeroEmitFrequencyShouldThrowIAE" time="0.000" classname="storm.starter.bolt.IntermediateRankingsBoltTest"/>
  <testcase name="negativeOrZeroTopNShouldThrowIAE" time="0.000" classname="storm.starter.bolt.IntermediateRankingsBoltTest"/>
  <testcase name="negativeOrZeroTopNShouldThrowIAE" time="0.000" classname="storm.starter.bolt.IntermediateRankingsBoltTest"/>
  <testcase name="positiveEmitFrequencyShouldBeOk" time="0.000" classname="storm.starter.bolt.IntermediateRankingsBoltTest"/>
  <testcase name="negativeOrZeroEmitFrequencyShouldThrowIAE" time="0.000" classname="storm.starter.bolt.IntermediateRankingsBoltTest"/>
  <testcase name="negativeOrZeroTopNShouldThrowIAE" time="0.000" classname="storm.starter.bolt.IntermediateRankingsBoltTest"/>
  <testcase name="shouldDeclareOutputFields" time="0.129" classname="storm.starter.bolt.IntermediateRankingsBoltTest"/>
</testsuite> <!-- storm.starter.bolt.IntermediateRankingsBoltTest -->
